{"/Users/jim/Git-Projects/Gatsby-Starter-TypeScript-Redux-TDD-BDD/src/components/header.tsx": {"path":"/Users/jim/Git-Projects/Gatsby-Starter-TypeScript-Redux-TDD-BDD/src/components/header.tsx","statementMap":{"0":{"start":{"line":5,"column":15},"end":{"line":32,"column":1}},"1":{"start":{"line":6,"column":2},"end":{"line":31,"column":11}},"2":{"start":{"line":34,"column":0},"end":{"line":36,"column":2}},"3":{"start":{"line":38,"column":0},"end":{"line":40,"column":2}}},"fnMap":{"0":{"name":"(anonymous_0)","decl":{"start":{"line":5,"column":15},"end":{"line":5,"column":16}},"loc":{"start":{"line":6,"column":2},"end":{"line":31,"column":11}},"line":6}},"branchMap":{},"s":{"0":0,"1":0,"2":0,"3":0},"f":{"0":0},"b":{},"hash":"fabaf6a10c9de63285e3eaf366e3630ef3897dc4"}
,"/Users/jim/Git-Projects/Gatsby-Starter-TypeScript-Redux-TDD-BDD/src/components/image.tsx": {"path":"/Users/jim/Git-Projects/Gatsby-Starter-TypeScript-Redux-TDD-BDD/src/components/image.tsx","statementMap":{"0":{"start":{"line":16,"column":14},"end":{"line":30,"column":1}},"1":{"start":{"line":17,"column":15},"end":{"line":27,"column":4}},"2":{"start":{"line":29,"column":2},"end":{"line":29,"column":69}}},"fnMap":{"0":{"name":"(anonymous_0)","decl":{"start":{"line":16,"column":14},"end":{"line":16,"column":15}},"loc":{"start":{"line":16,"column":20},"end":{"line":30,"column":1}},"line":16}},"branchMap":{},"s":{"0":0,"1":0,"2":0},"f":{"0":0},"b":{},"hash":"a24cf4e25791c744dedc0f99d044cb5129cc0678"}
,"/Users/jim/Git-Projects/Gatsby-Starter-TypeScript-Redux-TDD-BDD/src/components/layout.tsx": {"path":"/Users/jim/Git-Projects/Gatsby-Starter-TypeScript-Redux-TDD-BDD/src/components/layout.tsx","statementMap":{"0":{"start":{"line":18,"column":15},"end":{"line":62,"column":1}},"1":{"start":{"line":20,"column":19},"end":{"line":20,"column":32}},"2":{"start":{"line":22,"column":2},"end":{"line":30,"column":9}},"3":{"start":{"line":28,"column":4},"end":{"line":28,"column":31}},"4":{"start":{"line":32,"column":15},"end":{"line":40,"column":4}},"5":{"start":{"line":42,"column":2},"end":{"line":61,"column":4}},"6":{"start":{"line":64,"column":0},"end":{"line":67,"column":2}}},"fnMap":{"0":{"name":"(anonymous_0)","decl":{"start":{"line":18,"column":15},"end":{"line":18,"column":16}},"loc":{"start":{"line":18,"column":33},"end":{"line":62,"column":1}},"line":18},"1":{"name":"(anonymous_1)","decl":{"start":{"line":22,"column":12},"end":{"line":22,"column":13}},"loc":{"start":{"line":22,"column":18},"end":{"line":30,"column":3}},"line":22}},"branchMap":{},"s":{"0":0,"1":0,"2":0,"3":0,"4":0,"5":0,"6":0},"f":{"0":0,"1":0},"b":{},"hash":"d15a1115f1c3810d8d82e1d072d7df13a0f9af7d"}
,"/Users/jim/Git-Projects/Gatsby-Starter-TypeScript-Redux-TDD-BDD/src/components/seo.tsx": {"path":"/Users/jim/Git-Projects/Gatsby-Starter-TypeScript-Redux-TDD-BDD/src/components/seo.tsx","statementMap":{"0":{"start":{"line":14,"column":19},"end":{"line":26,"column":3}},"1":{"start":{"line":28,"column":26},"end":{"line":28,"column":70}},"2":{"start":{"line":30,"column":2},"end":{"line":72,"column":4}},"3":{"start":{"line":75,"column":0},"end":{"line":79,"column":2}},"4":{"start":{"line":81,"column":0},"end":{"line":86,"column":2}}},"fnMap":{"0":{"name":"SEO","decl":{"start":{"line":13,"column":9},"end":{"line":13,"column":12}},"loc":{"start":{"line":13,"column":59},"end":{"line":73,"column":1}},"line":13}},"branchMap":{"0":{"loc":{"start":{"line":28,"column":26},"end":{"line":28,"column":70}},"type":"binary-expr","locations":[{"start":{"line":28,"column":26},"end":{"line":28,"column":37}},{"start":{"line":28,"column":41},"end":{"line":28,"column":70}}],"line":28}},"s":{"0":0,"1":0,"2":0,"3":0,"4":0},"f":{"0":0},"b":{"0":[0,0]},"hash":"f47b41f59f42d2ca5727133189d906c7a731f7e2"}
,"/Users/jim/Git-Projects/Gatsby-Starter-TypeScript-Redux-TDD-BDD/src/components/login/login-btn.tsx": {"path":"/Users/jim/Git-Projects/Gatsby-Starter-TypeScript-Redux-TDD-BDD/src/components/login/login-btn.tsx","statementMap":{"0":{"start":{"line":7,"column":17},"end":{"line":15,"column":1}},"1":{"start":{"line":17,"column":22},"end":{"line":25,"column":1}},"2":{"start":{"line":27,"column":23},"end":{"line":35,"column":1}},"3":{"start":{"line":37,"column":17},"end":{"line":60,"column":1}},"4":{"start":{"line":40,"column":21},"end":{"line":40,"column":34}},"5":{"start":{"line":42,"column":25},"end":{"line":44,"column":5}},"6":{"start":{"line":43,"column":8},"end":{"line":43,"column":35}},"7":{"start":{"line":46,"column":26},"end":{"line":48,"column":5}},"8":{"start":{"line":47,"column":8},"end":{"line":47,"column":27}},"9":{"start":{"line":50,"column":4},"end":{"line":59,"column":6}},"10":{"start":{"line":55,"column":28},"end":{"line":55,"column":80}},"11":{"start":{"line":62,"column":0},"end":{"line":64,"column":1}},"12":{"start":{"line":66,"column":0},"end":{"line":68,"column":1}}},"fnMap":{"0":{"name":"(anonymous_0)","decl":{"start":{"line":37,"column":17},"end":{"line":37,"column":18}},"loc":{"start":{"line":38,"column":39},"end":{"line":60,"column":1}},"line":38},"1":{"name":"(anonymous_1)","decl":{"start":{"line":42,"column":25},"end":{"line":42,"column":26}},"loc":{"start":{"line":42,"column":37},"end":{"line":44,"column":5}},"line":42},"2":{"name":"(anonymous_2)","decl":{"start":{"line":46,"column":26},"end":{"line":46,"column":27}},"loc":{"start":{"line":46,"column":32},"end":{"line":48,"column":5}},"line":46},"3":{"name":"(anonymous_3)","decl":{"start":{"line":55,"column":17},"end":{"line":55,"column":18}},"loc":{"start":{"line":55,"column":26},"end":{"line":55,"column":82}},"line":55}},"branchMap":{"0":{"loc":{"start":{"line":53,"column":16},"end":{"line":53,"column":66}},"type":"cond-expr","locations":[{"start":{"line":53,"column":36},"end":{"line":53,"column":50}},{"start":{"line":53,"column":53},"end":{"line":53,"column":66}}],"line":53},"1":{"loc":{"start":{"line":55,"column":28},"end":{"line":55,"column":80}},"type":"cond-expr","locations":[{"start":{"line":55,"column":48},"end":{"line":55,"column":63}},{"start":{"line":55,"column":66},"end":{"line":55,"column":80}}],"line":55},"2":{"loc":{"start":{"line":57,"column":13},"end":{"line":57,"column":51}},"type":"cond-expr","locations":[{"start":{"line":57,"column":33},"end":{"line":57,"column":41}},{"start":{"line":57,"column":44},"end":{"line":57,"column":51}}],"line":57}},"s":{"0":2,"1":2,"2":2,"3":2,"4":5,"5":5,"6":1,"7":5,"8":1,"9":5,"10":2,"11":2,"12":2},"f":{"0":5,"1":1,"2":1,"3":2},"b":{"0":[2,3],"1":[1,1],"2":[2,3]},"_coverageSchema":"43e27e138ebf9cfc5966b082cf9a028302ed4184","hash":"d1dc8ac62f1217d1c3dd09e87b52c7f9209dae4e"}
,"/Users/jim/Git-Projects/Gatsby-Starter-TypeScript-Redux-TDD-BDD/src/components/login/login-section.tsx": {"path":"/Users/jim/Git-Projects/Gatsby-Starter-TypeScript-Redux-TDD-BDD/src/components/login/login-section.tsx","statementMap":{"0":{"start":{"line":7,"column":26},"end":{"line":13,"column":1}},"1":{"start":{"line":15,"column":21},"end":{"line":23,"column":1}},"2":{"start":{"line":17,"column":4},"end":{"line":22,"column":6}},"3":{"start":{"line":25,"column":0},"end":{"line":27,"column":1}}},"fnMap":{"0":{"name":"(anonymous_0)","decl":{"start":{"line":15,"column":21},"end":{"line":15,"column":22}},"loc":{"start":{"line":15,"column":37},"end":{"line":23,"column":1}},"line":15}},"branchMap":{},"s":{"0":1,"1":1,"2":1,"3":1},"f":{"0":1},"b":{},"_coverageSchema":"43e27e138ebf9cfc5966b082cf9a028302ed4184","hash":"8d7a5ad867d39832e6a664acad6c31f97f040be6"}
,"/Users/jim/Git-Projects/Gatsby-Starter-TypeScript-Redux-TDD-BDD/src/components/todos/todo.tsx": {"path":"/Users/jim/Git-Projects/Gatsby-Starter-TypeScript-Redux-TDD-BDD/src/components/todos/todo.tsx","statementMap":{"0":{"start":{"line":6,"column":18},"end":{"line":12,"column":1}},"1":{"start":{"line":14,"column":13},"end":{"line":26,"column":1}},"2":{"start":{"line":16,"column":4},"end":{"line":25,"column":6}},"3":{"start":{"line":28,"column":0},"end":{"line":30,"column":2}}},"fnMap":{"0":{"name":"(anonymous_0)","decl":{"start":{"line":14,"column":13},"end":{"line":14,"column":14}},"loc":{"start":{"line":14,"column":44},"end":{"line":26,"column":1}},"line":14}},"branchMap":{},"s":{"0":1,"1":1,"2":1,"3":1},"f":{"0":1},"b":{},"_coverageSchema":"43e27e138ebf9cfc5966b082cf9a028302ed4184","hash":"0eebbb05f1499fb091a611c519fd30b02777757e"}
,"/Users/jim/Git-Projects/Gatsby-Starter-TypeScript-Redux-TDD-BDD/src/components/todos/todos.tsx": {"path":"/Users/jim/Git-Projects/Gatsby-Starter-TypeScript-Redux-TDD-BDD/src/components/todos/todos.tsx","statementMap":{"0":{"start":{"line":5,"column":23},"end":{"line":11,"column":1}},"1":{"start":{"line":13,"column":14},"end":{"line":27,"column":1}},"2":{"start":{"line":15,"column":22},"end":{"line":15,"column":32}},"3":{"start":{"line":17,"column":4},"end":{"line":26,"column":6}},"4":{"start":{"line":21,"column":16},"end":{"line":23,"column":18}},"5":{"start":{"line":29,"column":0},"end":{"line":31,"column":2}}},"fnMap":{"0":{"name":"(anonymous_0)","decl":{"start":{"line":13,"column":14},"end":{"line":13,"column":15}},"loc":{"start":{"line":13,"column":29},"end":{"line":27,"column":1}},"line":13},"1":{"name":"(anonymous_1)","decl":{"start":{"line":20,"column":40},"end":{"line":20,"column":41}},"loc":{"start":{"line":20,"column":53},"end":{"line":24,"column":13}},"line":20}},"branchMap":{"0":{"loc":{"start":{"line":20,"column":13},"end":{"line":24,"column":14}},"type":"binary-expr","locations":[{"start":{"line":20,"column":13},"end":{"line":20,"column":22}},{"start":{"line":20,"column":26},"end":{"line":24,"column":14}}],"line":20}},"s":{"0":0,"1":0,"2":0,"3":0,"4":0,"5":0},"f":{"0":0,"1":0},"b":{"0":[0,0]},"hash":"b9ee5a279b60393be63e394005775938ea59717b"}
,"/Users/jim/Git-Projects/Gatsby-Starter-TypeScript-Redux-TDD-BDD/src/models/product.tsx": {"path":"/Users/jim/Git-Projects/Gatsby-Starter-TypeScript-Redux-TDD-BDD/src/models/product.tsx","statementMap":{},"fnMap":{"0":{"name":"(anonymous_0)","decl":{"start":{"line":16,"column":4},"end":{"line":16,"column":5}},"loc":{"start":{"line":21,"column":44},"end":{"line":21,"column":47}},"line":21}},"branchMap":{"0":{"loc":{"start":{"line":17,"column":15},"end":{"line":17,"column":62}},"type":"default-arg","locations":[{"start":{"line":17,"column":29},"end":{"line":17,"column":61}}],"line":17},"1":{"loc":{"start":{"line":18,"column":15},"end":{"line":18,"column":33}},"type":"default-arg","locations":[{"start":{"line":18,"column":30},"end":{"line":18,"column":33}}],"line":18},"2":{"loc":{"start":{"line":19,"column":15},"end":{"line":19,"column":35}},"type":"default-arg","locations":[{"start":{"line":19,"column":31},"end":{"line":19,"column":35}}],"line":19},"3":{"loc":{"start":{"line":20,"column":15},"end":{"line":20,"column":36}},"type":"default-arg","locations":[{"start":{"line":20,"column":35},"end":{"line":20,"column":36}}],"line":20},"4":{"loc":{"start":{"line":21,"column":15},"end":{"line":21,"column":42}},"type":"default-arg","locations":[{"start":{"line":21,"column":38},"end":{"line":21,"column":42}}],"line":21}},"s":{},"f":{"0":0},"b":{"0":[0],"1":[0],"2":[0],"3":[0],"4":[0]},"hash":"f442faac992df1adef998c0b7c8931634ba94012"}
,"/Users/jim/Git-Projects/Gatsby-Starter-TypeScript-Redux-TDD-BDD/src/models/todo.ts": {"path":"/Users/jim/Git-Projects/Gatsby-Starter-TypeScript-Redux-TDD-BDD/src/models/todo.ts","statementMap":{},"fnMap":{},"branchMap":{},"s":{},"f":{},"b":{},"hash":"97109892cc6b02de0b5453ebe062c1758915f2f2"}
,"/Users/jim/Git-Projects/Gatsby-Starter-TypeScript-Redux-TDD-BDD/src/pages/404.tsx": {"path":"/Users/jim/Git-Projects/Gatsby-Starter-TypeScript-Redux-TDD-BDD/src/pages/404.tsx","statementMap":{"0":{"start":{"line":6,"column":21},"end":{"line":12,"column":1}},"1":{"start":{"line":7,"column":2},"end":{"line":11,"column":11}}},"fnMap":{"0":{"name":"(anonymous_0)","decl":{"start":{"line":6,"column":21},"end":{"line":6,"column":22}},"loc":{"start":{"line":7,"column":2},"end":{"line":11,"column":11}},"line":7}},"branchMap":{},"s":{"0":0,"1":0},"f":{"0":0},"b":{},"hash":"e38fe30a8bd4affb2297cb31b9a35e5d33e9228e"}
,"/Users/jim/Git-Projects/Gatsby-Starter-TypeScript-Redux-TDD-BDD/src/pages/index.tsx": {"path":"/Users/jim/Git-Projects/Gatsby-Starter-TypeScript-Redux-TDD-BDD/src/pages/index.tsx","statementMap":{"0":{"start":{"line":11,"column":17},"end":{"line":11,"column":63}},"1":{"start":{"line":13,"column":15},"end":{"line":17,"column":1}},"2":{"start":{"line":19,"column":18},"end":{"line":41,"column":1}},"3":{"start":{"line":21,"column":2},"end":{"line":40,"column":4}},"4":{"start":{"line":43,"column":0},"end":{"line":46,"column":1}},"5":{"start":{"line":49,"column":24},"end":{"line":54,"column":1}},"6":{"start":{"line":50,"column":2},"end":{"line":53,"column":4}}},"fnMap":{"0":{"name":"(anonymous_0)","decl":{"start":{"line":19,"column":18},"end":{"line":19,"column":19}},"loc":{"start":{"line":19,"column":41},"end":{"line":41,"column":1}},"line":19},"1":{"name":"(anonymous_1)","decl":{"start":{"line":49,"column":24},"end":{"line":49,"column":25}},"loc":{"start":{"line":49,"column":33},"end":{"line":54,"column":1}},"line":49}},"branchMap":{},"s":{"0":0,"1":0,"2":0,"3":0,"4":0,"5":0,"6":0},"f":{"0":0,"1":0},"b":{},"hash":"fd12f2eedd11e83c426cf46e06c8bed79e2191c7"}
,"/Users/jim/Git-Projects/Gatsby-Starter-TypeScript-Redux-TDD-BDD/src/pages/page-2.tsx": {"path":"/Users/jim/Git-Projects/Gatsby-Starter-TypeScript-Redux-TDD-BDD/src/pages/page-2.tsx","statementMap":{"0":{"start":{"line":7,"column":19},"end":{"line":14,"column":1}},"1":{"start":{"line":8,"column":2},"end":{"line":13,"column":11}}},"fnMap":{"0":{"name":"(anonymous_0)","decl":{"start":{"line":7,"column":19},"end":{"line":7,"column":20}},"loc":{"start":{"line":8,"column":2},"end":{"line":13,"column":11}},"line":8}},"branchMap":{},"s":{"0":0,"1":0},"f":{"0":0},"b":{},"hash":"9e80ba0badf02eb8546aae28e19e5f5dc954e843"}
,"/Users/jim/Git-Projects/Gatsby-Starter-TypeScript-Redux-TDD-BDD/src/services/simple-login.service.ts": {"path":"/Users/jim/Git-Projects/Gatsby-Starter-TypeScript-Redux-TDD-BDD/src/services/simple-login.service.ts","statementMap":{"0":{"start":{"line":15,"column":21},"end":{"line":26,"column":1}},"1":{"start":{"line":17,"column":4},"end":{"line":25,"column":7}},"2":{"start":{"line":19,"column":8},"end":{"line":23,"column":11}}},"fnMap":{"0":{"name":"(anonymous_0)","decl":{"start":{"line":15,"column":21},"end":{"line":15,"column":22}},"loc":{"start":{"line":15,"column":90},"end":{"line":26,"column":1}},"line":15},"1":{"name":"(anonymous_1)","decl":{"start":{"line":17,"column":23},"end":{"line":17,"column":24}},"loc":{"start":{"line":17,"column":44},"end":{"line":25,"column":5}},"line":17}},"branchMap":{"0":{"loc":{"start":{"line":15,"column":22},"end":{"line":15,"column":47}},"type":"default-arg","locations":[{"start":{"line":15,"column":45},"end":{"line":15,"column":47}}],"line":15}},"s":{"0":0,"1":0,"2":0},"f":{"0":0,"1":0},"b":{"0":[0]},"hash":"a67a396a99141b6caecdb5eb691a728abbfc1688"}
,"/Users/jim/Git-Projects/Gatsby-Starter-TypeScript-Redux-TDD-BDD/src/services/todos.service.ts": {"path":"/Users/jim/Git-Projects/Gatsby-Starter-TypeScript-Redux-TDD-BDD/src/services/todos.service.ts","statementMap":{"0":{"start":{"line":11,"column":21},"end":{"line":31,"column":1}},"1":{"start":{"line":13,"column":4},"end":{"line":30,"column":7}},"2":{"start":{"line":15,"column":8},"end":{"line":28,"column":11}}},"fnMap":{"0":{"name":"(anonymous_0)","decl":{"start":{"line":11,"column":21},"end":{"line":11,"column":22}},"loc":{"start":{"line":11,"column":65},"end":{"line":31,"column":1}},"line":11},"1":{"name":"(anonymous_1)","decl":{"start":{"line":13,"column":23},"end":{"line":13,"column":24}},"loc":{"start":{"line":13,"column":44},"end":{"line":30,"column":5}},"line":13}},"branchMap":{},"s":{"0":1,"1":1,"2":1},"f":{"0":1,"1":1},"b":{},"_coverageSchema":"43e27e138ebf9cfc5966b082cf9a028302ed4184","hash":"b9297300bca5bf4b56c68813a3d084a17481b45e"}
,"/Users/jim/Git-Projects/Gatsby-Starter-TypeScript-Redux-TDD-BDD/src/state/createStore.ts": {"path":"/Users/jim/Git-Projects/Gatsby-Starter-TypeScript-Redux-TDD-BDD/src/state/createStore.ts","statementMap":{"0":{"start":{"line":10,"column":2},"end":{"line":21,"column":4}},"1":{"start":{"line":24,"column":23},"end":{"line":33,"column":1}},"2":{"start":{"line":25,"column":2},"end":{"line":29,"column":5}},"3":{"start":{"line":26,"column":4},"end":{"line":29,"column":5}},"4":{"start":{"line":30,"column":2},"end":{"line":32,"column":3}}},"fnMap":{"0":{"name":"(anonymous_0)","decl":{"start":{"line":9,"column":15},"end":{"line":9,"column":16}},"loc":{"start":{"line":9,"column":33},"end":{"line":22,"column":1}},"line":9},"1":{"name":"(anonymous_1)","decl":{"start":{"line":24,"column":23},"end":{"line":24,"column":24}},"loc":{"start":{"line":24,"column":43},"end":{"line":33,"column":1}},"line":24}},"branchMap":{"0":{"loc":{"start":{"line":25,"column":2},"end":{"line":29,"column":5}},"type":"if","locations":[{"start":{"line":25,"column":2},"end":{"line":29,"column":5}},{"start":{"line":25,"column":2},"end":{"line":29,"column":5}}],"line":25}},"s":{"0":0,"1":0,"2":0,"3":0,"4":0},"f":{"0":0,"1":0},"b":{"0":[0,0]},"hash":"bbccac1c2cd5d913a26c03ea4f29adeae9d4b05d"}
,"/Users/jim/Git-Projects/Gatsby-Starter-TypeScript-Redux-TDD-BDD/src/state/actions/login.ts": {"path":"/Users/jim/Git-Projects/Gatsby-Starter-TypeScript-Redux-TDD-BDD/src/state/actions/login.ts","statementMap":{"0":{"start":{"line":4,"column":30},"end":{"line":6,"column":2}},"1":{"start":{"line":4,"column":37},"end":{"line":6,"column":1}},"2":{"start":{"line":8,"column":28},"end":{"line":11,"column":2}},"3":{"start":{"line":8,"column":70},"end":{"line":11,"column":1}},"4":{"start":{"line":13,"column":27},"end":{"line":16,"column":2}},"5":{"start":{"line":13,"column":37},"end":{"line":16,"column":1}},"6":{"start":{"line":18,"column":22},"end":{"line":20,"column":2}},"7":{"start":{"line":18,"column":29},"end":{"line":20,"column":1}}},"fnMap":{"0":{"name":"(anonymous_0)","decl":{"start":{"line":4,"column":30},"end":{"line":4,"column":31}},"loc":{"start":{"line":4,"column":37},"end":{"line":6,"column":1}},"line":4},"1":{"name":"(anonymous_1)","decl":{"start":{"line":8,"column":28},"end":{"line":8,"column":29}},"loc":{"start":{"line":8,"column":70},"end":{"line":11,"column":1}},"line":8},"2":{"name":"(anonymous_2)","decl":{"start":{"line":13,"column":27},"end":{"line":13,"column":28}},"loc":{"start":{"line":13,"column":37},"end":{"line":16,"column":1}},"line":13},"3":{"name":"(anonymous_3)","decl":{"start":{"line":18,"column":22},"end":{"line":18,"column":23}},"loc":{"start":{"line":18,"column":29},"end":{"line":20,"column":1}},"line":18}},"branchMap":{},"s":{"0":2,"1":1,"2":2,"3":0,"4":2,"5":0,"6":2,"7":1},"f":{"0":1,"1":0,"2":0,"3":1},"b":{},"_coverageSchema":"43e27e138ebf9cfc5966b082cf9a028302ed4184","hash":"eebcb4402b89b9dd7f69141b204d8122fa1c166f"}
,"/Users/jim/Git-Projects/Gatsby-Starter-TypeScript-Redux-TDD-BDD/src/state/actions/todos.ts": {"path":"/Users/jim/Git-Projects/Gatsby-Starter-TypeScript-Redux-TDD-BDD/src/state/actions/todos.ts","statementMap":{"0":{"start":{"line":3,"column":30},"end":{"line":5,"column":2}},"1":{"start":{"line":3,"column":37},"end":{"line":5,"column":1}},"2":{"start":{"line":7,"column":28},"end":{"line":13,"column":1}},"3":{"start":{"line":8,"column":2},"end":{"line":11,"column":4}},"4":{"start":{"line":15,"column":27},"end":{"line":18,"column":2}},"5":{"start":{"line":15,"column":37},"end":{"line":18,"column":1}}},"fnMap":{"0":{"name":"(anonymous_0)","decl":{"start":{"line":3,"column":30},"end":{"line":3,"column":31}},"loc":{"start":{"line":3,"column":37},"end":{"line":5,"column":1}},"line":3},"1":{"name":"(anonymous_1)","decl":{"start":{"line":7,"column":28},"end":{"line":7,"column":29}},"loc":{"start":{"line":7,"column":37},"end":{"line":13,"column":1}},"line":7},"2":{"name":"(anonymous_2)","decl":{"start":{"line":15,"column":27},"end":{"line":15,"column":28}},"loc":{"start":{"line":15,"column":37},"end":{"line":18,"column":1}},"line":15}},"branchMap":{},"s":{"0":0,"1":0,"2":0,"3":0,"4":0,"5":0},"f":{"0":0,"1":0,"2":0},"b":{},"hash":"08ed778b0d8bfeb38ed56c96a68ae86ce0ab5170"}
,"/Users/jim/Git-Projects/Gatsby-Starter-TypeScript-Redux-TDD-BDD/src/state/middlewares/loginCustomMiddleware.ts": {"path":"/Users/jim/Git-Projects/Gatsby-Starter-TypeScript-Redux-TDD-BDD/src/state/middlewares/loginCustomMiddleware.ts","statementMap":{"0":{"start":{"line":8,"column":30},"end":{"line":25,"column":1}},"1":{"start":{"line":9,"column":2},"end":{"line":24,"column":4}},"2":{"start":{"line":9,"column":18},"end":{"line":24,"column":3}},"3":{"start":{"line":9,"column":26},"end":{"line":24,"column":3}},"4":{"start":{"line":10,"column":4},"end":{"line":23,"column":5}},"5":{"start":{"line":13,"column":8},"end":{"line":18,"column":9}},"6":{"start":{"line":14,"column":54},"end":{"line":14,"column":74}},"7":{"start":{"line":15,"column":10},"end":{"line":15,"column":47}},"8":{"start":{"line":17,"column":10},"end":{"line":17,"column":45}},"9":{"start":{"line":19,"column":8},"end":{"line":19,"column":14}},"10":{"start":{"line":22,"column":8},"end":{"line":22,"column":21}}},"fnMap":{"0":{"name":"(anonymous_0)","decl":{"start":{"line":8,"column":30},"end":{"line":8,"column":31}},"loc":{"start":{"line":8,"column":36},"end":{"line":25,"column":1}},"line":8},"1":{"name":"(anonymous_1)","decl":{"start":{"line":9,"column":9},"end":{"line":9,"column":10}},"loc":{"start":{"line":9,"column":18},"end":{"line":24,"column":3}},"line":9},"2":{"name":"(anonymous_2)","decl":{"start":{"line":9,"column":18},"end":{"line":9,"column":19}},"loc":{"start":{"line":9,"column":26},"end":{"line":24,"column":3}},"line":9},"3":{"name":"(anonymous_3)","decl":{"start":{"line":9,"column":26},"end":{"line":9,"column":27}},"loc":{"start":{"line":9,"column":42},"end":{"line":24,"column":3}},"line":9}},"branchMap":{"0":{"loc":{"start":{"line":10,"column":4},"end":{"line":23,"column":5}},"type":"switch","locations":[{"start":{"line":12,"column":6},"end":{"line":19,"column":14}},{"start":{"line":21,"column":6},"end":{"line":22,"column":21}}],"line":10}},"s":{"0":0,"1":0,"2":0,"3":0,"4":0,"5":0,"6":0,"7":0,"8":0,"9":0,"10":0},"f":{"0":0,"1":0,"2":0,"3":0},"b":{"0":[0,0]},"hash":"8af343caffafa926406b21e674842feff7cb20a7"}
,"/Users/jim/Git-Projects/Gatsby-Starter-TypeScript-Redux-TDD-BDD/src/state/middlewares/todosCustomMiddleware.ts": {"path":"/Users/jim/Git-Projects/Gatsby-Starter-TypeScript-Redux-TDD-BDD/src/state/middlewares/todosCustomMiddleware.ts","statementMap":{"0":{"start":{"line":6,"column":30},"end":{"line":25,"column":1}},"1":{"start":{"line":7,"column":2},"end":{"line":24,"column":4}},"2":{"start":{"line":7,"column":18},"end":{"line":24,"column":3}},"3":{"start":{"line":7,"column":26},"end":{"line":24,"column":3}},"4":{"start":{"line":8,"column":4},"end":{"line":23,"column":5}},"5":{"start":{"line":11,"column":8},"end":{"line":16,"column":9}},"6":{"start":{"line":12,"column":24},"end":{"line":12,"column":43}},"7":{"start":{"line":13,"column":10},"end":{"line":13,"column":46}},"8":{"start":{"line":15,"column":10},"end":{"line":15,"column":45}},"9":{"start":{"line":18,"column":8},"end":{"line":18,"column":14}},"10":{"start":{"line":21,"column":8},"end":{"line":21,"column":21}}},"fnMap":{"0":{"name":"(anonymous_0)","decl":{"start":{"line":6,"column":30},"end":{"line":6,"column":31}},"loc":{"start":{"line":6,"column":36},"end":{"line":25,"column":1}},"line":6},"1":{"name":"(anonymous_1)","decl":{"start":{"line":7,"column":9},"end":{"line":7,"column":10}},"loc":{"start":{"line":7,"column":18},"end":{"line":24,"column":3}},"line":7},"2":{"name":"(anonymous_2)","decl":{"start":{"line":7,"column":18},"end":{"line":7,"column":19}},"loc":{"start":{"line":7,"column":26},"end":{"line":24,"column":3}},"line":7},"3":{"name":"(anonymous_3)","decl":{"start":{"line":7,"column":26},"end":{"line":7,"column":27}},"loc":{"start":{"line":7,"column":42},"end":{"line":24,"column":3}},"line":7}},"branchMap":{"0":{"loc":{"start":{"line":8,"column":4},"end":{"line":23,"column":5}},"type":"switch","locations":[{"start":{"line":9,"column":6},"end":{"line":18,"column":14}},{"start":{"line":20,"column":6},"end":{"line":21,"column":21}}],"line":8}},"s":{"0":0,"1":0,"2":0,"3":0,"4":0,"5":0,"6":0,"7":0,"8":0,"9":0,"10":0},"f":{"0":0,"1":0,"2":0,"3":0},"b":{"0":[0,0]},"hash":"cee6b42cc2a2e1b12ae296fbd6c987eee50e6abb"}
,"/Users/jim/Git-Projects/Gatsby-Starter-TypeScript-Redux-TDD-BDD/src/state/reducers/login.ts": {"path":"/Users/jim/Git-Projects/Gatsby-Starter-TypeScript-Redux-TDD-BDD/src/state/reducers/login.ts","statementMap":{"0":{"start":{"line":3,"column":28},"end":{"line":7,"column":1}},"1":{"start":{"line":14,"column":16},"end":{"line":53,"column":1}},"2":{"start":{"line":16,"column":28},"end":{"line":16,"column":34}},"3":{"start":{"line":18,"column":2},"end":{"line":52,"column":3}},"4":{"start":{"line":20,"column":6},"end":{"line":25,"column":8}},"5":{"start":{"line":28,"column":6},"end":{"line":33,"column":8}},"6":{"start":{"line":36,"column":6},"end":{"line":40,"column":8}},"7":{"start":{"line":43,"column":6},"end":{"line":48,"column":8}},"8":{"start":{"line":51,"column":6},"end":{"line":51,"column":19}}},"fnMap":{"0":{"name":"(anonymous_0)","decl":{"start":{"line":14,"column":16},"end":{"line":14,"column":17}},"loc":{"start":{"line":14,"column":64},"end":{"line":53,"column":1}},"line":14}},"branchMap":{"0":{"loc":{"start":{"line":14,"column":17},"end":{"line":14,"column":37}},"type":"default-arg","locations":[{"start":{"line":14,"column":25},"end":{"line":14,"column":37}}],"line":14},"1":{"loc":{"start":{"line":14,"column":39},"end":{"line":14,"column":59}},"type":"default-arg","locations":[{"start":{"line":14,"column":57},"end":{"line":14,"column":59}}],"line":14},"2":{"loc":{"start":{"line":18,"column":2},"end":{"line":52,"column":3}},"type":"switch","locations":[{"start":{"line":19,"column":4},"end":{"line":25,"column":8}},{"start":{"line":27,"column":4},"end":{"line":33,"column":8}},{"start":{"line":35,"column":4},"end":{"line":40,"column":8}},{"start":{"line":42,"column":4},"end":{"line":48,"column":8}},{"start":{"line":50,"column":4},"end":{"line":51,"column":19}}],"line":18}},"s":{"0":1,"1":1,"2":2,"3":2,"4":1,"5":0,"6":0,"7":0,"8":1},"f":{"0":2},"b":{"0":[0],"1":[0],"2":[1,0,0,0,1]},"_coverageSchema":"43e27e138ebf9cfc5966b082cf9a028302ed4184","hash":"93296c1255acc640d8f90e6a73490dca64188503"}
,"/Users/jim/Git-Projects/Gatsby-Starter-TypeScript-Redux-TDD-BDD/src/state/reducers/root-reducer.ts": {"path":"/Users/jim/Git-Projects/Gatsby-Starter-TypeScript-Redux-TDD-BDD/src/state/reducers/root-reducer.ts","statementMap":{},"fnMap":{},"branchMap":{},"s":{},"f":{},"b":{},"hash":"ef1e519ee92cf733646b2c80abc57f757a3deb11"}
,"/Users/jim/Git-Projects/Gatsby-Starter-TypeScript-Redux-TDD-BDD/src/state/reducers/todos.ts": {"path":"/Users/jim/Git-Projects/Gatsby-Starter-TypeScript-Redux-TDD-BDD/src/state/reducers/todos.ts","statementMap":{"0":{"start":{"line":3,"column":28},"end":{"line":7,"column":1}},"1":{"start":{"line":14,"column":16},"end":{"line":44,"column":1}},"2":{"start":{"line":16,"column":26},"end":{"line":16,"column":32}},"3":{"start":{"line":18,"column":2},"end":{"line":43,"column":3}},"4":{"start":{"line":20,"column":6},"end":{"line":24,"column":8}},"5":{"start":{"line":27,"column":6},"end":{"line":32,"column":8}},"6":{"start":{"line":35,"column":6},"end":{"line":39,"column":8}},"7":{"start":{"line":42,"column":6},"end":{"line":42,"column":19}}},"fnMap":{"0":{"name":"(anonymous_0)","decl":{"start":{"line":14,"column":16},"end":{"line":14,"column":17}},"loc":{"start":{"line":14,"column":64},"end":{"line":44,"column":1}},"line":14}},"branchMap":{"0":{"loc":{"start":{"line":14,"column":17},"end":{"line":14,"column":37}},"type":"default-arg","locations":[{"start":{"line":14,"column":25},"end":{"line":14,"column":37}}],"line":14},"1":{"loc":{"start":{"line":14,"column":39},"end":{"line":14,"column":59}},"type":"default-arg","locations":[{"start":{"line":14,"column":57},"end":{"line":14,"column":59}}],"line":14},"2":{"loc":{"start":{"line":18,"column":2},"end":{"line":43,"column":3}},"type":"switch","locations":[{"start":{"line":19,"column":4},"end":{"line":24,"column":8}},{"start":{"line":26,"column":4},"end":{"line":32,"column":8}},{"start":{"line":34,"column":4},"end":{"line":39,"column":8}},{"start":{"line":41,"column":4},"end":{"line":42,"column":19}}],"line":18}},"s":{"0":1,"1":1,"2":3,"3":3,"4":1,"5":1,"6":1,"7":0},"f":{"0":3},"b":{"0":[0],"1":[0],"2":[1,1,1,0]},"_coverageSchema":"43e27e138ebf9cfc5966b082cf9a028302ed4184","hash":"36fa2d1154ab57fd9b20f7c8c8d527b2aad9e292"}
,"/Users/jim/Git-Projects/Gatsby-Starter-TypeScript-Redux-TDD-BDD/src/state/types/login.ts": {"path":"/Users/jim/Git-Projects/Gatsby-Starter-TypeScript-Redux-TDD-BDD/src/state/types/login.ts","statementMap":{"0":{"start":{"line":1,"column":31},"end":{"line":1,"column":48}},"1":{"start":{"line":2,"column":28},"end":{"line":2,"column":42}},"2":{"start":{"line":3,"column":29},"end":{"line":3,"column":44}},"3":{"start":{"line":4,"column":22},"end":{"line":4,"column":30}}},"fnMap":{},"branchMap":{},"s":{"0":3,"1":3,"2":3,"3":3},"f":{},"b":{},"_coverageSchema":"43e27e138ebf9cfc5966b082cf9a028302ed4184","hash":"db3a364f435c84addcec3ccfd21bb2b939eff7ea"}
,"/Users/jim/Git-Projects/Gatsby-Starter-TypeScript-Redux-TDD-BDD/src/state/types/todos.ts": {"path":"/Users/jim/Git-Projects/Gatsby-Starter-TypeScript-Redux-TDD-BDD/src/state/types/todos.ts","statementMap":{"0":{"start":{"line":1,"column":31},"end":{"line":1,"column":48}},"1":{"start":{"line":2,"column":28},"end":{"line":2,"column":42}},"2":{"start":{"line":3,"column":29},"end":{"line":3,"column":44}}},"fnMap":{},"branchMap":{},"s":{"0":1,"1":1,"2":1},"f":{},"b":{},"_coverageSchema":"43e27e138ebf9cfc5966b082cf9a028302ed4184","hash":"f9fdd3a98efb18421982c6a51a663b5cf168e0a7"}
}
