TN:
SF:/Users/jim/Git-Projects/Gatsby-Starter-TypeScript-Redux-TDD-BDD/src/components/header.tsx
FN:5,(anonymous_0)
FNF:1
FNH:0
FNDA:0,(anonymous_0)
DA:5,0
DA:6,0
DA:34,0
DA:38,0
LF:4
LH:0
BRF:0
BRH:0
end_of_record
TN:
SF:/Users/jim/Git-Projects/Gatsby-Starter-TypeScript-Redux-TDD-BDD/src/components/image.tsx
FN:16,(anonymous_0)
FNF:1
FNH:0
FNDA:0,(anonymous_0)
DA:16,0
DA:17,0
DA:29,0
LF:3
LH:0
BRF:0
BRH:0
end_of_record
TN:
SF:/Users/jim/Git-Projects/Gatsby-Starter-TypeScript-Redux-TDD-BDD/src/components/layout.tsx
FN:18,(anonymous_0)
FN:22,(anonymous_1)
FNF:2
FNH:0
FNDA:0,(anonymous_0)
FNDA:0,(anonymous_1)
DA:18,0
DA:20,0
DA:22,0
DA:28,0
DA:32,0
DA:42,0
DA:64,0
LF:7
LH:0
BRF:0
BRH:0
end_of_record
TN:
SF:/Users/jim/Git-Projects/Gatsby-Starter-TypeScript-Redux-TDD-BDD/src/components/seo.tsx
FN:13,SEO
FNF:1
FNH:0
FNDA:0,SEO
DA:14,0
DA:28,0
DA:30,0
DA:75,0
DA:81,0
LF:5
LH:0
BRDA:28,0,0,0
BRDA:28,0,1,0
BRF:2
BRH:0
end_of_record
TN:
SF:/Users/jim/Git-Projects/Gatsby-Starter-TypeScript-Redux-TDD-BDD/src/components/login/login-btn.tsx
FN:37,(anonymous_0)
FN:42,(anonymous_1)
FN:46,(anonymous_2)
FN:55,(anonymous_3)
FNF:4
FNH:4
FNDA:5,(anonymous_0)
FNDA:1,(anonymous_1)
FNDA:1,(anonymous_2)
FNDA:2,(anonymous_3)
DA:7,2
DA:17,2
DA:27,2
DA:37,2
DA:40,5
DA:42,5
DA:43,1
DA:46,5
DA:47,1
DA:50,5
DA:55,2
DA:62,2
DA:66,2
LF:13
LH:13
BRDA:53,0,0,2
BRDA:53,0,1,3
BRDA:55,1,0,1
BRDA:55,1,1,1
BRDA:57,2,0,2
BRDA:57,2,1,3
BRF:6
BRH:6
end_of_record
TN:
SF:/Users/jim/Git-Projects/Gatsby-Starter-TypeScript-Redux-TDD-BDD/src/components/login/login-section.tsx
FN:15,(anonymous_0)
FNF:1
FNH:1
FNDA:1,(anonymous_0)
DA:7,1
DA:15,1
DA:17,1
DA:25,1
LF:4
LH:4
BRF:0
BRH:0
end_of_record
TN:
SF:/Users/jim/Git-Projects/Gatsby-Starter-TypeScript-Redux-TDD-BDD/src/components/todos/todo.tsx
FN:14,(anonymous_0)
FNF:1
FNH:1
FNDA:1,(anonymous_0)
DA:6,1
DA:14,1
DA:16,1
DA:28,1
LF:4
LH:4
BRF:0
BRH:0
end_of_record
TN:
SF:/Users/jim/Git-Projects/Gatsby-Starter-TypeScript-Redux-TDD-BDD/src/components/todos/todos.tsx
FN:13,(anonymous_0)
FN:20,(anonymous_1)
FNF:2
FNH:0
FNDA:0,(anonymous_0)
FNDA:0,(anonymous_1)
DA:5,0
DA:13,0
DA:15,0
DA:17,0
DA:21,0
DA:29,0
LF:6
LH:0
BRDA:20,0,0,0
BRDA:20,0,1,0
BRF:2
BRH:0
end_of_record
TN:
SF:/Users/jim/Git-Projects/Gatsby-Starter-TypeScript-Redux-TDD-BDD/src/models/product.tsx
FN:16,(anonymous_0)
FNF:1
FNH:0
FNDA:0,(anonymous_0)
LF:0
LH:0
BRDA:17,0,0,0
BRDA:18,1,0,0
BRDA:19,2,0,0
BRDA:20,3,0,0
BRDA:21,4,0,0
BRF:5
BRH:0
end_of_record
TN:
SF:/Users/jim/Git-Projects/Gatsby-Starter-TypeScript-Redux-TDD-BDD/src/models/todo.ts
FNF:0
FNH:0
LF:0
LH:0
BRF:0
BRH:0
end_of_record
TN:
SF:/Users/jim/Git-Projects/Gatsby-Starter-TypeScript-Redux-TDD-BDD/src/pages/404.tsx
FN:6,(anonymous_0)
FNF:1
FNH:0
FNDA:0,(anonymous_0)
DA:6,0
DA:7,0
LF:2
LH:0
BRF:0
BRH:0
end_of_record
TN:
SF:/Users/jim/Git-Projects/Gatsby-Starter-TypeScript-Redux-TDD-BDD/src/pages/index.tsx
FN:19,(anonymous_0)
FN:49,(anonymous_1)
FNF:2
FNH:0
FNDA:0,(anonymous_0)
FNDA:0,(anonymous_1)
DA:11,0
DA:13,0
DA:19,0
DA:21,0
DA:43,0
DA:49,0
DA:50,0
LF:7
LH:0
BRF:0
BRH:0
end_of_record
TN:
SF:/Users/jim/Git-Projects/Gatsby-Starter-TypeScript-Redux-TDD-BDD/src/pages/page-2.tsx
FN:7,(anonymous_0)
FNF:1
FNH:0
FNDA:0,(anonymous_0)
DA:7,0
DA:8,0
LF:2
LH:0
BRF:0
BRH:0
end_of_record
TN:
SF:/Users/jim/Git-Projects/Gatsby-Starter-TypeScript-Redux-TDD-BDD/src/services/simple-login.service.ts
FN:15,(anonymous_0)
FN:17,(anonymous_1)
FNF:2
FNH:0
FNDA:0,(anonymous_0)
FNDA:0,(anonymous_1)
DA:15,0
DA:17,0
DA:19,0
LF:3
LH:0
BRDA:15,0,0,0
BRF:1
BRH:0
end_of_record
TN:
SF:/Users/jim/Git-Projects/Gatsby-Starter-TypeScript-Redux-TDD-BDD/src/services/todos.service.ts
FN:11,(anonymous_0)
FN:13,(anonymous_1)
FNF:2
FNH:2
FNDA:1,(anonymous_0)
FNDA:1,(anonymous_1)
DA:11,1
DA:13,1
DA:15,1
LF:3
LH:3
BRF:0
BRH:0
end_of_record
TN:
SF:/Users/jim/Git-Projects/Gatsby-Starter-TypeScript-Redux-TDD-BDD/src/state/createStore.ts
FN:9,(anonymous_0)
FN:24,(anonymous_1)
FNF:2
FNH:0
FNDA:0,(anonymous_0)
FNDA:0,(anonymous_1)
DA:10,0
DA:24,0
DA:25,0
DA:26,0
DA:30,0
LF:5
LH:0
BRDA:25,0,0,0
BRDA:25,0,1,0
BRF:2
BRH:0
end_of_record
TN:
SF:/Users/jim/Git-Projects/Gatsby-Starter-TypeScript-Redux-TDD-BDD/src/state/actions/login.ts
FN:4,(anonymous_0)
FN:8,(anonymous_1)
FN:13,(anonymous_2)
FN:18,(anonymous_3)
FNF:4
FNH:2
FNDA:1,(anonymous_0)
FNDA:0,(anonymous_1)
FNDA:0,(anonymous_2)
FNDA:1,(anonymous_3)
DA:4,2
DA:8,2
DA:13,2
DA:18,2
LF:4
LH:4
BRF:0
BRH:0
end_of_record
TN:
SF:/Users/jim/Git-Projects/Gatsby-Starter-TypeScript-Redux-TDD-BDD/src/state/actions/todos.ts
FN:3,(anonymous_0)
FN:7,(anonymous_1)
FN:15,(anonymous_2)
FNF:3
FNH:0
FNDA:0,(anonymous_0)
FNDA:0,(anonymous_1)
FNDA:0,(anonymous_2)
DA:3,0
DA:7,0
DA:8,0
DA:15,0
LF:4
LH:0
BRF:0
BRH:0
end_of_record
TN:
SF:/Users/jim/Git-Projects/Gatsby-Starter-TypeScript-Redux-TDD-BDD/src/state/middlewares/loginCustomMiddleware.ts
FN:8,(anonymous_0)
FN:9,(anonymous_1)
FN:9,(anonymous_2)
FN:9,(anonymous_3)
FNF:4
FNH:0
FNDA:0,(anonymous_0)
FNDA:0,(anonymous_1)
FNDA:0,(anonymous_2)
FNDA:0,(anonymous_3)
DA:8,0
DA:9,0
DA:10,0
DA:13,0
DA:14,0
DA:15,0
DA:17,0
DA:19,0
DA:22,0
LF:9
LH:0
BRDA:10,0,0,0
BRDA:10,0,1,0
BRF:2
BRH:0
end_of_record
TN:
SF:/Users/jim/Git-Projects/Gatsby-Starter-TypeScript-Redux-TDD-BDD/src/state/middlewares/todosCustomMiddleware.ts
FN:6,(anonymous_0)
FN:7,(anonymous_1)
FN:7,(anonymous_2)
FN:7,(anonymous_3)
FNF:4
FNH:0
FNDA:0,(anonymous_0)
FNDA:0,(anonymous_1)
FNDA:0,(anonymous_2)
FNDA:0,(anonymous_3)
DA:6,0
DA:7,0
DA:8,0
DA:11,0
DA:12,0
DA:13,0
DA:15,0
DA:18,0
DA:21,0
LF:9
LH:0
BRDA:8,0,0,0
BRDA:8,0,1,0
BRF:2
BRH:0
end_of_record
TN:
SF:/Users/jim/Git-Projects/Gatsby-Starter-TypeScript-Redux-TDD-BDD/src/state/reducers/login.ts
FN:14,(anonymous_0)
FNF:1
FNH:1
FNDA:2,(anonymous_0)
DA:3,1
DA:14,1
DA:16,2
DA:18,2
DA:20,1
DA:28,0
DA:36,0
DA:43,0
DA:51,1
LF:9
LH:6
BRDA:14,0,0,0
BRDA:14,1,0,0
BRDA:18,2,0,1
BRDA:18,2,1,0
BRDA:18,2,2,0
BRDA:18,2,3,0
BRDA:18,2,4,1
BRF:7
BRH:2
end_of_record
TN:
SF:/Users/jim/Git-Projects/Gatsby-Starter-TypeScript-Redux-TDD-BDD/src/state/reducers/root-reducer.ts
FNF:0
FNH:0
LF:0
LH:0
BRF:0
BRH:0
end_of_record
TN:
SF:/Users/jim/Git-Projects/Gatsby-Starter-TypeScript-Redux-TDD-BDD/src/state/reducers/todos.ts
FN:14,(anonymous_0)
FNF:1
FNH:1
FNDA:3,(anonymous_0)
DA:3,1
DA:14,1
DA:16,3
DA:18,3
DA:20,1
DA:27,1
DA:35,1
DA:42,0
LF:8
LH:7
BRDA:14,0,0,0
BRDA:14,1,0,0
BRDA:18,2,0,1
BRDA:18,2,1,1
BRDA:18,2,2,1
BRDA:18,2,3,0
BRF:6
BRH:3
end_of_record
TN:
SF:/Users/jim/Git-Projects/Gatsby-Starter-TypeScript-Redux-TDD-BDD/src/state/types/login.ts
FNF:0
FNH:0
DA:1,3
DA:2,3
DA:3,3
DA:4,3
LF:4
LH:4
BRF:0
BRH:0
end_of_record
TN:
SF:/Users/jim/Git-Projects/Gatsby-Starter-TypeScript-Redux-TDD-BDD/src/state/types/todos.ts
FNF:0
FNH:0
DA:1,1
DA:2,1
DA:3,1
LF:3
LH:3
BRF:0
BRH:0
end_of_record
